TN:
SF:src\app.ts
FN:3,(anonymous_0)
FN:7,(anonymous_1)
FN:24,(anonymous_2)
FNF:3
FNH:3
FNDA:9,(anonymous_0)
FNDA:14,(anonymous_1)
FNDA:2,(anonymous_2)
DA:3,1
DA:4,9
DA:8,14
DA:9,2
DA:11,12
DA:12,2
DA:14,10
DA:15,2
DA:17,8
DA:18,1
DA:20,7
DA:21,1
DA:24,6
DA:25,6
DA:26,1
DA:28,5
DA:29,5
LF:17
LH:17
BRDA:8,0,0,2
BRDA:8,0,1,12
BRDA:11,1,0,2
BRDA:11,1,1,10
BRDA:11,2,0,12
BRDA:11,2,1,11
BRDA:14,3,0,2
BRDA:14,3,1,8
BRDA:14,4,0,10
BRDA:14,4,1,9
BRDA:17,5,0,1
BRDA:17,5,1,7
BRDA:20,6,0,1
BRDA:20,6,1,6
BRDA:25,7,0,1
BRDA:25,7,1,5
BRF:16
BRH:16
end_of_record
